Build started 4/30/2014 10:19:16 PM.
     1>Project "C:\Users\Dillon\Documents\GitHub\turbo-bear\visual-studio-projects\OpenCV-Object-Tracking\OpenCV-Object-Tracking\OpenCV-Object-Tracking.vcxproj" on node 2 (build target(s)).
     1>InitializeBuildStatus:
         Creating "x64\Release\OpenCV-Object-Tracking.unsuccessfulbuild" because "AlwaysCreate" was specified.
       ClCompile:
         c:\Program Files (x86)\Microsoft Visual Studio 10.0\VC\bin\x86_amd64\CL.exe /c /IC:\OpenCV\Builds\install\include /IC:\OpenCV\Builds\install\include\opencv /IC:\OpenCV\Builds\install\include\opencv2 /Zi /nologo /W3 /WX- /O2 /Oi /GL /D _MBCS /Gm- /EHsc /MD /GS /Gy /fp:precise /Zc:wchar_t /Zc:forScope /Fo"x64\Release\\" /Fd"x64\Release\vc100.pdb" /Gd /TP /errorReport:prompt main.cpp
         main.cpp
     1>main.cpp(400): warning C4244: 'argument' : conversion from 'int' to 'float', possible loss of data
     1>main.cpp(401): warning C4244: 'argument' : conversion from 'int' to 'float', possible loss of data
     1>main.cpp(401): warning C4244: 'argument' : conversion from 'int' to 'float', possible loss of data
     1>main.cpp(402): warning C4244: 'argument' : conversion from 'int' to 'float', possible loss of data
       Link:
         c:\Program Files (x86)\Microsoft Visual Studio 10.0\VC\bin\x86_amd64\link.exe /ERRORREPORT:PROMPT /OUT:"C:\Users\Dillon\Documents\GitHub\turbo-bear\visual-studio-projects\OpenCV-Object-Tracking\x64\Release\OpenCV-Object-Tracking.exe" /NOLOGO /LIBPATH:C:\OpenCV\Builds\install\x64\vc10\lib opencv_core300.lib opencv_features2d300.lib opencv_highgui300.lib opencv_imgproc300.lib opencv_objdetect300.lib opencv_video300.lib opencv_calib3d300.lib opencv_nonfree300.lib opencv_flann300.lib kernel32.lib user32.lib gdi32.lib winspool.lib comdlg32.lib advapi32.lib shell32.lib ole32.lib oleaut32.lib uuid.lib odbc32.lib odbccp32.lib /MANIFEST /ManifestFile:"x64\Release\OpenCV-Object-Tracking.exe.intermediate.manifest" /MANIFESTUAC:"level='asInvoker' uiAccess='false'" /DEBUG /PDB:"C:\Users\Dillon\Documents\GitHub\turbo-bear\visual-studio-projects\OpenCV-Object-Tracking\x64\Release\OpenCV-Object-Tracking.pdb" /OPT:REF /OPT:ICF /LTCG /TLBID:1 /DYNAMICBASE /NXCOMPAT /IMPLIB:"C:\Users\Dillon\Documents\GitHub\turbo-bear\visual-studio-projects\OpenCV-Object-Tracking\x64\Release\OpenCV-Object-Tracking.lib" /MACHINE:X64 x64\Release\main.obj
         Generating code
         Finished generating code
         OpenCV-Object-Tracking.vcxproj -> C:\Users\Dillon\Documents\GitHub\turbo-bear\visual-studio-projects\OpenCV-Object-Tracking\x64\Release\OpenCV-Object-Tracking.exe
       Manifest:
         C:\Program Files (x86)\Microsoft SDKs\Windows\v7.0A\bin\mt.exe /nologo /verbose /outputresource:"C:\Users\Dillon\Documents\GitHub\turbo-bear\visual-studio-projects\OpenCV-Object-Tracking\x64\Release\OpenCV-Object-Tracking.exe;#1" /manifest "x64\Release\OpenCV-Object-Tracking.exe.intermediate.manifest"
       FinalizeBuildStatus:
         Deleting file "x64\Release\OpenCV-Object-Tracking.unsuccessfulbuild".
         Touching "x64\Release\OpenCV-Object-Tracking.lastbuildstate".
     1>Done Building Project "C:\Users\Dillon\Documents\GitHub\turbo-bear\visual-studio-projects\OpenCV-Object-Tracking\OpenCV-Object-Tracking\OpenCV-Object-Tracking.vcxproj" (build target(s)).

Build succeeded.

Time Elapsed 00:00:02.34
